[2023-11-30 14:46:02 [32mINFO [0;39m restartedMain] [com.green.greengram2.Greengram2Application] [36mStarting Greengram2Application using Java 17.0.8.1 with PID 12696 (D:\java\greengram2\target\classes started by Administrator in D:\java\greengram2)[0;39m
[2023-11-30 14:46:02 [32mINFO [0;39m restartedMain] [com.green.greengram2.Greengram2Application] [36mNo active profile set, falling back to 1 default profile: "default"[0;39m
[2023-11-30 14:46:02 [32mINFO [0;39m restartedMain] [org.springframework.boot.devtools.env.DevToolsPropertyDefaultsPostProcessor] [36mDevtools property defaults active! Set 'spring.devtools.add-properties' to 'false' to disable[0;39m
[2023-11-30 14:46:02 [32mINFO [0;39m restartedMain] [org.springframework.boot.devtools.env.DevToolsPropertyDefaultsPostProcessor] [36mFor additional web related logging consider setting the 'logging.level.web' property to 'DEBUG'[0;39m
[2023-11-30 14:46:02 [32mINFO [0;39m restartedMain] [org.springframework.boot.web.embedded.tomcat.TomcatWebServer] [36mTomcat initialized with port(s): 8082 (http)[0;39m
[2023-11-30 14:46:02 [32mINFO [0;39m restartedMain] [org.apache.coyote.http11.Http11NioProtocol] [36mInitializing ProtocolHandler ["http-nio-8082"][0;39m
[2023-11-30 14:46:02 [32mINFO [0;39m restartedMain] [org.apache.catalina.core.StandardService] [36mStarting service [Tomcat][0;39m
[2023-11-30 14:46:02 [32mINFO [0;39m restartedMain] [org.apache.catalina.core.StandardEngine] [36mStarting Servlet engine: [Apache Tomcat/10.1.15][0;39m
[2023-11-30 14:46:02 [32mINFO [0;39m restartedMain] [org.apache.catalina.core.ContainerBase.[Tomcat].[localhost].[/]] [36mInitializing Spring embedded WebApplicationContext[0;39m
[2023-11-30 14:46:02 [32mINFO [0;39m restartedMain] [org.springframework.boot.web.servlet.context.ServletWebServerApplicationContext] [36mRoot WebApplicationContext: initialization completed in 736 ms[0;39m
[2023-11-30 14:46:03 [32mINFO [0;39m restartedMain] [org.springframework.boot.autoconfigure.web.servlet.WelcomePageHandlerMapping] [36mAdding welcome page: class path resource [static/index.html][0;39m
[2023-11-30 14:46:03 [33mWARN [0;39m restartedMain] [org.springframework.boot.devtools.autoconfigure.OptionalLiveReloadServer] [36mUnable to start LiveReload server[0;39m
[2023-11-30 14:46:03 [32mINFO [0;39m restartedMain] [org.apache.coyote.http11.Http11NioProtocol] [36mStarting ProtocolHandler ["http-nio-8082"][0;39m
[2023-11-30 14:46:03 [32mINFO [0;39m restartedMain] [org.springframework.boot.web.embedded.tomcat.TomcatWebServer] [36mTomcat started on port(s): 8082 (http) with context path ''[0;39m
[2023-11-30 14:46:03 [32mINFO [0;39m restartedMain] [com.green.greengram2.Greengram2Application] [36mStarted Greengram2Application in 1.58 seconds (process running for 1.945)[0;39m
[2023-11-30 14:46:10 [32mINFO [0;39m restartedMain] [com.green.greengram2.Greengram2Application] [36mStarting Greengram2Application using Java 17.0.8.1 with PID 9988 (D:\java\greengram2\target\classes started by Administrator in D:\java\greengram2)[0;39m
[2023-11-30 14:46:10 [32mINFO [0;39m restartedMain] [com.green.greengram2.Greengram2Application] [36mNo active profile set, falling back to 1 default profile: "default"[0;39m
[2023-11-30 14:46:10 [32mINFO [0;39m restartedMain] [org.springframework.boot.devtools.env.DevToolsPropertyDefaultsPostProcessor] [36mDevtools property defaults active! Set 'spring.devtools.add-properties' to 'false' to disable[0;39m
[2023-11-30 14:46:10 [32mINFO [0;39m restartedMain] [org.springframework.boot.devtools.env.DevToolsPropertyDefaultsPostProcessor] [36mFor additional web related logging consider setting the 'logging.level.web' property to 'DEBUG'[0;39m
[2023-11-30 14:46:10 [32mINFO [0;39m restartedMain] [org.springframework.boot.web.embedded.tomcat.TomcatWebServer] [36mTomcat initialized with port(s): 8082 (http)[0;39m
[2023-11-30 14:46:10 [32mINFO [0;39m restartedMain] [org.apache.coyote.http11.Http11NioProtocol] [36mInitializing ProtocolHandler ["http-nio-8082"][0;39m
[2023-11-30 14:46:10 [32mINFO [0;39m restartedMain] [org.apache.catalina.core.StandardService] [36mStarting service [Tomcat][0;39m
[2023-11-30 14:46:10 [32mINFO [0;39m restartedMain] [org.apache.catalina.core.StandardEngine] [36mStarting Servlet engine: [Apache Tomcat/10.1.15][0;39m
[2023-11-30 14:46:10 [32mINFO [0;39m restartedMain] [org.apache.catalina.core.ContainerBase.[Tomcat].[localhost].[/]] [36mInitializing Spring embedded WebApplicationContext[0;39m
[2023-11-30 14:46:10 [32mINFO [0;39m restartedMain] [org.springframework.boot.web.servlet.context.ServletWebServerApplicationContext] [36mRoot WebApplicationContext: initialization completed in 920 ms[0;39m
[2023-11-30 14:46:11 [32mINFO [0;39m restartedMain] [org.springframework.boot.autoconfigure.web.servlet.WelcomePageHandlerMapping] [36mAdding welcome page: class path resource [static/index.html][0;39m
[2023-11-30 14:46:11 [33mWARN [0;39m restartedMain] [org.springframework.boot.devtools.autoconfigure.OptionalLiveReloadServer] [36mUnable to start LiveReload server[0;39m
[2023-11-30 14:46:11 [32mINFO [0;39m restartedMain] [org.apache.coyote.http11.Http11NioProtocol] [36mStarting ProtocolHandler ["http-nio-8082"][0;39m
[2023-11-30 14:46:11 [32mINFO [0;39m restartedMain] [org.springframework.boot.web.embedded.tomcat.TomcatWebServer] [36mTomcat started on port(s): 8082 (http) with context path ''[0;39m
[2023-11-30 14:46:11 [32mINFO [0;39m restartedMain] [com.green.greengram2.Greengram2Application] [36mStarted Greengram2Application in 1.897 seconds (process running for 2.278)[0;39m
[2023-11-30 16:48:15 [32mINFO [0;39m File Watcher] [org.springframework.boot.devtools.autoconfigure.LocalDevToolsAutoConfiguration$RestartingClassPathChangeChangedEventListener] [36mRestarting due to 1 class path change (0 additions, 1 deletion, 0 modifications)[0;39m
[2023-11-30 16:48:15 [32mINFO [0;39m Thread-1] [org.apache.coyote.http11.Http11NioProtocol] [36mPausing ProtocolHandler ["http-nio-8082"][0;39m
[2023-11-30 16:48:15 [32mINFO [0;39m Thread-1] [org.apache.catalina.core.StandardService] [36mStopping service [Tomcat][0;39m
[2023-11-30 16:48:15 [32mINFO [0;39m Thread-1] [org.apache.coyote.http11.Http11NioProtocol] [36mStopping ProtocolHandler ["http-nio-8082"][0;39m
[2023-11-30 16:48:15 [32mINFO [0;39m Thread-1] [org.apache.coyote.http11.Http11NioProtocol] [36mDestroying ProtocolHandler ["http-nio-8082"][0;39m
[2023-11-30 16:48:15 [32mINFO [0;39m restartedMain] [com.green.greengram2.Greengram2Application] [36mStarting Greengram2Application using Java 17.0.8.1 with PID 9988 (D:\java\greengram2\target\classes started by Administrator in D:\java\greengram2)[0;39m
[2023-11-30 16:48:15 [32mINFO [0;39m restartedMain] [com.green.greengram2.Greengram2Application] [36mNo active profile set, falling back to 1 default profile: "default"[0;39m
[2023-11-30 16:48:16 [32mINFO [0;39m restartedMain] [org.springframework.boot.web.embedded.tomcat.TomcatWebServer] [36mTomcat initialized with port(s): 8082 (http)[0;39m
[2023-11-30 16:48:16 [32mINFO [0;39m restartedMain] [org.apache.coyote.http11.Http11NioProtocol] [36mInitializing ProtocolHandler ["http-nio-8082"][0;39m
[2023-11-30 16:48:16 [32mINFO [0;39m restartedMain] [org.apache.catalina.core.StandardService] [36mStarting service [Tomcat][0;39m
[2023-11-30 16:48:16 [32mINFO [0;39m restartedMain] [org.apache.catalina.core.StandardEngine] [36mStarting Servlet engine: [Apache Tomcat/10.1.15][0;39m
[2023-11-30 16:48:16 [32mINFO [0;39m restartedMain] [org.apache.catalina.core.ContainerBase.[Tomcat].[localhost].[/]] [36mInitializing Spring embedded WebApplicationContext[0;39m
[2023-11-30 16:48:16 [32mINFO [0;39m restartedMain] [org.springframework.boot.web.servlet.context.ServletWebServerApplicationContext] [36mRoot WebApplicationContext: initialization completed in 216 ms[0;39m
[2023-11-30 16:48:16 [32mINFO [0;39m restartedMain] [org.springframework.boot.autoconfigure.web.servlet.WelcomePageHandlerMapping] [36mAdding welcome page: class path resource [static/index.html][0;39m
[2023-11-30 16:48:16 [33mWARN [0;39m restartedMain] [org.springframework.boot.devtools.autoconfigure.OptionalLiveReloadServer] [36mUnable to start LiveReload server[0;39m
[2023-11-30 16:48:16 [32mINFO [0;39m restartedMain] [org.apache.coyote.http11.Http11NioProtocol] [36mStarting ProtocolHandler ["http-nio-8082"][0;39m
[2023-11-30 16:48:16 [32mINFO [0;39m restartedMain] [org.springframework.boot.web.embedded.tomcat.TomcatWebServer] [36mTomcat started on port(s): 8082 (http) with context path ''[0;39m
[2023-11-30 16:48:16 [32mINFO [0;39m restartedMain] [com.green.greengram2.Greengram2Application] [36mStarted Greengram2Application in 0.383 seconds (process running for 7326.868)[0;39m
[2023-11-30 16:48:16 [32mINFO [0;39m restartedMain] [org.springframework.boot.devtools.autoconfigure.ConditionEvaluationDeltaLoggingListener] [36mCondition evaluation unchanged[0;39m
[2023-11-30 16:48:17 [32mINFO [0;39m File Watcher] [org.springframework.boot.devtools.autoconfigure.LocalDevToolsAutoConfiguration$RestartingClassPathChangeChangedEventListener] [36mRestarting due to 1 class path change (1 addition, 0 deletions, 0 modifications)[0;39m
[2023-11-30 16:48:17 [32mINFO [0;39m Thread-5] [org.apache.coyote.http11.Http11NioProtocol] [36mPausing ProtocolHandler ["http-nio-8082"][0;39m
[2023-11-30 16:48:17 [32mINFO [0;39m Thread-5] [org.apache.catalina.core.StandardService] [36mStopping service [Tomcat][0;39m
[2023-11-30 16:48:17 [32mINFO [0;39m Thread-5] [org.apache.coyote.http11.Http11NioProtocol] [36mStopping ProtocolHandler ["http-nio-8082"][0;39m
[2023-11-30 16:48:17 [32mINFO [0;39m Thread-5] [org.apache.coyote.http11.Http11NioProtocol] [36mDestroying ProtocolHandler ["http-nio-8082"][0;39m
[2023-11-30 16:48:17 [32mINFO [0;39m restartedMain] [com.green.greengram2.Greengram2Application] [36mStarting Greengram2Application using Java 17.0.8.1 with PID 9988 (D:\java\greengram2\target\classes started by Administrator in D:\java\greengram2)[0;39m
[2023-11-30 16:48:17 [32mINFO [0;39m restartedMain] [com.green.greengram2.Greengram2Application] [36mNo active profile set, falling back to 1 default profile: "default"[0;39m
[2023-11-30 16:48:17 [32mINFO [0;39m restartedMain] [org.springframework.boot.web.embedded.tomcat.TomcatWebServer] [36mTomcat initialized with port(s): 8082 (http)[0;39m
[2023-11-30 16:48:17 [32mINFO [0;39m restartedMain] [org.apache.coyote.http11.Http11NioProtocol] [36mInitializing ProtocolHandler ["http-nio-8082"][0;39m
[2023-11-30 16:48:17 [32mINFO [0;39m restartedMain] [org.apache.catalina.core.StandardService] [36mStarting service [Tomcat][0;39m
[2023-11-30 16:48:17 [32mINFO [0;39m restartedMain] [org.apache.catalina.core.StandardEngine] [36mStarting Servlet engine: [Apache Tomcat/10.1.15][0;39m
[2023-11-30 16:48:17 [32mINFO [0;39m restartedMain] [org.apache.catalina.core.ContainerBase.[Tomcat].[localhost].[/]] [36mInitializing Spring embedded WebApplicationContext[0;39m
[2023-11-30 16:48:17 [32mINFO [0;39m restartedMain] [org.springframework.boot.web.servlet.context.ServletWebServerApplicationContext] [36mRoot WebApplicationContext: initialization completed in 148 ms[0;39m
[2023-11-30 16:48:17 [32mINFO [0;39m restartedMain] [org.springframework.boot.autoconfigure.web.servlet.WelcomePageHandlerMapping] [36mAdding welcome page: class path resource [static/index.html][0;39m
[2023-11-30 16:48:17 [33mWARN [0;39m restartedMain] [org.springframework.boot.devtools.autoconfigure.OptionalLiveReloadServer] [36mUnable to start LiveReload server[0;39m
[2023-11-30 16:48:17 [32mINFO [0;39m restartedMain] [org.apache.coyote.http11.Http11NioProtocol] [36mStarting ProtocolHandler ["http-nio-8082"][0;39m
[2023-11-30 16:48:17 [32mINFO [0;39m restartedMain] [org.springframework.boot.web.embedded.tomcat.TomcatWebServer] [36mTomcat started on port(s): 8082 (http) with context path ''[0;39m
[2023-11-30 16:48:17 [32mINFO [0;39m restartedMain] [com.green.greengram2.Greengram2Application] [36mStarted Greengram2Application in 0.268 seconds (process running for 7328.612)[0;39m
[2023-11-30 16:48:17 [32mINFO [0;39m restartedMain] [org.springframework.boot.devtools.autoconfigure.ConditionEvaluationDeltaLoggingListener] [36mCondition evaluation unchanged[0;39m
